Using pre-set license
Built from '2020.3/staging' branch; Version is '2020.3.5f1 (8095aa901b9b) revision 8426922'; Using compiler version '192528614'; Build Type 'Release'
OS: 'Windows 10 Home; OS build 19042.928; Version 2009; 64bit' Language: 'es' Physical Memory: 16149 MB
BatchMode: 1, IsHumanControllingUs: 0, StartBugReporterOnCrash: 0, Is64bit: 1, IsPro: 0

 COMMAND LINE ARGUMENTS:
C:\Program Files\Unity\Hub\Editor\2020.3.5f1\Editor\Unity.exe
-adb2
-batchMode
-noUpm
-name
AssetImportWorker0
-projectPath
C:/Users/lopob/Documents/GitHub/Platfor2
-logFile
Logs/AssetImportWorker0.log
-srvPort
64333
Successfully changed project path to: C:/Users/lopob/Documents/GitHub/Platfor2
C:/Users/lopob/Documents/GitHub/Platfor2
Using Asset Import Pipeline V2.
Refreshing native plugins compatible for Editor in 40.78 ms, found 1 plugins.
Preloading 0 native plugins for Editor in 0.00 ms.
Initialize engine version: 2020.3.5f1 (8095aa901b9b)
[Subsystems] Discovering subsystems at path C:/Program Files/Unity/Hub/Editor/2020.3.5f1/Editor/Data/Resources/UnitySubsystems
[Subsystems] Discovering subsystems at path C:/Users/lopob/Documents/GitHub/Platfor2/Assets
GfxDevice: creating device client; threaded=0
Direct3D:
    Version:  Direct3D 11.0 [level 11.1]
    Renderer: NVIDIA GeForce MX450 (ID=0x1f97)
    Vendor:   
    VRAM:     1928 MB
    Driver:   27.21.14.5763
Initialize mono
Mono path[0] = 'C:/Program Files/Unity/Hub/Editor/2020.3.5f1/Editor/Data/Managed'
Mono path[1] = 'C:/Program Files/Unity/Hub/Editor/2020.3.5f1/Editor/Data/MonoBleedingEdge/lib/mono/unityjit'
Mono config path = 'C:/Program Files/Unity/Hub/Editor/2020.3.5f1/Editor/Data/MonoBleedingEdge/etc'
Using monoOptions --debugger-agent=transport=dt_socket,embedding=1,server=y,suspend=n,address=127.0.0.1:56644
Begin MonoManager ReloadAssembly
Registering precompiled unity dll's ...
Register platform support module: C:/Program Files/Unity/Hub/Editor/2020.3.5f1/Editor/Data/PlaybackEngines/WebGLSupport/UnityEditor.WebGL.Extensions.dll
Register platform support module: C:/Program Files/Unity/Hub/Editor/2020.3.5f1/Editor/Data/PlaybackEngines/WindowsStandaloneSupport/UnityEditor.WindowsStandalone.Extensions.dll
Register platform support module: C:/Program Files/Unity/Hub/Editor/2020.3.5f1/Editor/Data/PlaybackEngines/LuminSupport/UnityEditor.Lumin.Extensions.dll
Registered in 0.001795 seconds.
Native extension for Lumin target not found
Native extension for WindowsStandalone target not found
Native extension for WebGL target not found
Refreshing native plugins compatible for Editor in 32.04 ms, found 1 plugins.
Preloading 0 native plugins for Editor in 0.00 ms.
Mono: successfully reloaded assembly
- Completed reload, in  1.832 seconds
Platform modules already initialized, skipping
Registering precompiled user dll's ...
Registered in 0.000665 seconds.
Begin MonoManager ReloadAssembly
Native extension for Lumin target not found
Native extension for WindowsStandalone target not found
Native extension for WebGL target not found
Refreshing native plugins compatible for Editor in 29.73 ms, found 1 plugins.
Preloading 0 native plugins for Editor in 0.00 ms.
Mono: successfully reloaded assembly
- Completed reload, in  0.850 seconds
Platform modules already initialized, skipping
========================================================================
Worker process is ready to serve import requests
Launched and connected shader compiler UnityShaderCompiler.exe after 0.05 seconds
Refreshing native plugins compatible for Editor in 0.35 ms, found 1 plugins.
Preloading 0 native plugins for Editor in 0.00 ms.
Unloading 1828 Unused Serialized files (Serialized files now loaded: 0)
System memory in use before: 85.5 MB.
System memory in use after: 85.6 MB.

Unloading 19 unused Assets to reduce memory usage. Loaded Objects now: 2276.
Total: 2.430000 ms (FindLiveObjects: 0.361200 ms CreateObjectMapping: 0.224100 ms MarkObjects: 1.757200 ms  DeleteObjects: 0.086100 ms)

========================================================================
Received Import Request.
  path: Assets/Scripts/FruitManager.cs
  artifactKey: Guid(ff84ed5e8fab27d4583b4b0483179b16) Importer(815301076,1909f56bfc062723c751e8b465ee728b)
Start importing Assets/Scripts/FruitManager.cs using Guid(ff84ed5e8fab27d4583b4b0483179b16) Importer(815301076,1909f56bfc062723c751e8b465ee728b)  -> (artifact id: 'ae9f3a3b990467e75e41e107c40543b3') in 0.034727 seconds
  Import took 0.038187 seconds .

========================================================================
Received Import Request.
  Time since last request: 2.414697 seconds.
  path: Assets/Scripts/FruitCollected.cs
  artifactKey: Guid(1227cf29d1c7f4546a1b3a29ae37fb4c) Importer(815301076,1909f56bfc062723c751e8b465ee728b)
Start importing Assets/Scripts/FruitCollected.cs using Guid(1227cf29d1c7f4546a1b3a29ae37fb4c) Importer(815301076,1909f56bfc062723c751e8b465ee728b)  -> (artifact id: 'f8b5eec135b292a6007bdb2915b90709') in 0.004572 seconds
  Import took 0.007866 seconds .

========================================================================
Received Import Request.
  Time since last request: 0.000250 seconds.
  path: Assets/Scripts/FruitCollected.cs
  artifactKey: Guid(1227cf29d1c7f4546a1b3a29ae37fb4c) Importer(815301076,1909f56bfc062723c751e8b465ee728b)
Start importing Assets/Scripts/FruitCollected.cs using Guid(1227cf29d1c7f4546a1b3a29ae37fb4c) Importer(815301076,1909f56bfc062723c751e8b465ee728b)  -> (artifact id: 'f8b5eec135b292a6007bdb2915b90709') in 0.001781 seconds
  Import took 0.004379 seconds .

========================================================================
Received Prepare
Refreshing native plugins compatible for Editor in 3.82 ms, found 1 plugins.
Preloading 0 native plugins for Editor in 0.00 ms.
Unloading 5 Unused Serialized files (Serialized files now loaded: 0)
System memory in use before: 48.9 MB.
System memory in use after: 49.1 MB.

Unloading 5 unused Assets to reduce memory usage. Loaded Objects now: 2276.
Total: 1.871200 ms (FindLiveObjects: 0.270500 ms CreateObjectMapping: 0.046200 ms MarkObjects: 1.538600 ms  DeleteObjects: 0.014400 ms)

========================================================================
Received Import Request.
  Time since last request: 91.955502 seconds.
  path: Assets/Scripts/playerRespawn.cs
  artifactKey: Guid(eeaf7f5dc30d4f144b8ad8b3129516bd) Importer(815301076,1909f56bfc062723c751e8b465ee728b)
Start importing Assets/Scripts/playerRespawn.cs using Guid(eeaf7f5dc30d4f144b8ad8b3129516bd) Importer(815301076,1909f56bfc062723c751e8b465ee728b)  -> (artifact id: 'c282b65c66e961a9c3b4c146b0e1cb31') in 0.001884 seconds
  Import took 0.007135 seconds .

========================================================================
Received Import Request.
  Time since last request: 0.000443 seconds.
  path: Assets/Scripts/playerRespawn.cs
  artifactKey: Guid(eeaf7f5dc30d4f144b8ad8b3129516bd) Importer(815301076,1909f56bfc062723c751e8b465ee728b)
Start importing Assets/Scripts/playerRespawn.cs using Guid(eeaf7f5dc30d4f144b8ad8b3129516bd) Importer(815301076,1909f56bfc062723c751e8b465ee728b)  -> (artifact id: 'c282b65c66e961a9c3b4c146b0e1cb31') in 0.001606 seconds
  Import took 0.004822 seconds .

========================================================================
Received Import Request.
  Time since last request: 3.200801 seconds.
  path: Assets/Scripts/CheckGround.cs
  artifactKey: Guid(0f70e899f11fd1f4a9bcf7d23b4cc7b9) Importer(815301076,1909f56bfc062723c751e8b465ee728b)
Start importing Assets/Scripts/CheckGround.cs using Guid(0f70e899f11fd1f4a9bcf7d23b4cc7b9) Importer(815301076,1909f56bfc062723c751e8b465ee728b)  -> (artifact id: 'a1b78c5e50ee577bbfd397f8bbf963ce') in 0.001503 seconds
  Import took 0.004785 seconds .

========================================================================
Received Import Request.
  Time since last request: 0.000992 seconds.
  path: Assets/Scripts/CheckGround.cs
  artifactKey: Guid(0f70e899f11fd1f4a9bcf7d23b4cc7b9) Importer(815301076,1909f56bfc062723c751e8b465ee728b)
Start importing Assets/Scripts/CheckGround.cs using Guid(0f70e899f11fd1f4a9bcf7d23b4cc7b9) Importer(815301076,1909f56bfc062723c751e8b465ee728b)  -> (artifact id: 'a1b78c5e50ee577bbfd397f8bbf963ce') in 0.001247 seconds
  Import took 0.003546 seconds .

========================================================================
Received Import Request.
  Time since last request: 1.767654 seconds.
  path: Assets/Scripts/DemageObject.cs
  artifactKey: Guid(ba08b4f81d09c924d8c8fe5f896ce524) Importer(815301076,1909f56bfc062723c751e8b465ee728b)
Start importing Assets/Scripts/DemageObject.cs using Guid(ba08b4f81d09c924d8c8fe5f896ce524) Importer(815301076,1909f56bfc062723c751e8b465ee728b)  -> (artifact id: 'd8b913170dda99499769985c94c68a45') in 0.001582 seconds
  Import took 0.004305 seconds .

========================================================================
Received Import Request.
  Time since last request: 2.250206 seconds.
  path: Assets/Scripts/EnemySpike.cs
  artifactKey: Guid(c335bde914ad16a44a10133d0ff65845) Importer(815301076,1909f56bfc062723c751e8b465ee728b)
Start importing Assets/Scripts/EnemySpike.cs using Guid(c335bde914ad16a44a10133d0ff65845) Importer(815301076,1909f56bfc062723c751e8b465ee728b)  -> (artifact id: 'badfa768639bad780501adecbbaa53f4') in 0.001970 seconds
  Import took 0.007061 seconds .

========================================================================
Received Import Request.
  Time since last request: 0.003472 seconds.
  path: Assets/Scripts/EnemySpike.cs
  artifactKey: Guid(c335bde914ad16a44a10133d0ff65845) Importer(815301076,1909f56bfc062723c751e8b465ee728b)
Start importing Assets/Scripts/EnemySpike.cs using Guid(c335bde914ad16a44a10133d0ff65845) Importer(815301076,1909f56bfc062723c751e8b465ee728b)  -> (artifact id: 'badfa768639bad780501adecbbaa53f4') in 0.001390 seconds
  Import took 0.004070 seconds .

========================================================================
Received Import Request.
  Time since last request: 2.657757 seconds.
  path: Assets/Scripts/playermove.cs
  artifactKey: Guid(fc7abd7787655d84f9fb3ee7a0b56aeb) Importer(815301076,1909f56bfc062723c751e8b465ee728b)
Start importing Assets/Scripts/playermove.cs using Guid(fc7abd7787655d84f9fb3ee7a0b56aeb) Importer(815301076,1909f56bfc062723c751e8b465ee728b)  -> (artifact id: '3425916c484cf81377b6b8af62703850') in 0.001348 seconds
  Import took 0.003900 seconds .

========================================================================
Received Import Request.
  Time since last request: 0.002741 seconds.
  path: Assets/Scripts/playermove.cs
  artifactKey: Guid(fc7abd7787655d84f9fb3ee7a0b56aeb) Importer(815301076,1909f56bfc062723c751e8b465ee728b)
Start importing Assets/Scripts/playermove.cs using Guid(fc7abd7787655d84f9fb3ee7a0b56aeb) Importer(815301076,1909f56bfc062723c751e8b465ee728b)  -> (artifact id: '3425916c484cf81377b6b8af62703850') in 0.001712 seconds
  Import took 0.004391 seconds .

========================================================================
Received Prepare
Registering precompiled user dll's ...
Registered in 0.000678 seconds.
Begin MonoManager ReloadAssembly
Native extension for Lumin target not found
Native extension for WindowsStandalone target not found
Native extension for WebGL target not found
Refreshing native plugins compatible for Editor in 0.30 ms, found 1 plugins.
Preloading 0 native plugins for Editor in 0.00 ms.
Mono: successfully reloaded assembly
- Completed reload, in  0.729 seconds
Platform modules already initialized, skipping
Refreshing native plugins compatible for Editor in 0.37 ms, found 1 plugins.
Preloading 0 native plugins for Editor in 0.00 ms.
Unloading 1818 Unused Serialized files (Serialized files now loaded: 0)
System memory in use before: 85.0 MB.
System memory in use after: 85.1 MB.

Unloading 7 unused Assets to reduce memory usage. Loaded Objects now: 2280.
Total: 2.257600 ms (FindLiveObjects: 0.232600 ms CreateObjectMapping: 0.054000 ms MarkObjects: 1.949400 ms  DeleteObjects: 0.020600 ms)

========================================================================
Received Import Request.
  Time since last request: 789.092795 seconds.
  path: Assets/Scripts/playermove.cs
  artifactKey: Guid(fc7abd7787655d84f9fb3ee7a0b56aeb) Importer(815301076,1909f56bfc062723c751e8b465ee728b)
Start importing Assets/Scripts/playermove.cs using Guid(fc7abd7787655d84f9fb3ee7a0b56aeb) Importer(815301076,1909f56bfc062723c751e8b465ee728b)  -> (artifact id: '95fff8d277b6521d6cf6918b1707c122') in 0.004217 seconds
  Import took 0.006845 seconds .

========================================================================
Received Prepare
Registering precompiled user dll's ...
Registered in 0.003301 seconds.
Begin MonoManager ReloadAssembly
Native extension for Lumin target not found
Native extension for WindowsStandalone target not found
Native extension for WebGL target not found
Refreshing native plugins compatible for Editor in 0.40 ms, found 1 plugins.
Preloading 0 native plugins for Editor in 0.00 ms.
Mono: successfully reloaded assembly
- Completed reload, in  0.854 seconds
Platform modules already initialized, skipping
Refreshing native plugins compatible for Editor in 0.35 ms, found 1 plugins.
Preloading 0 native plugins for Editor in 0.00 ms.
Unloading 1818 Unused Serialized files (Serialized files now loaded: 0)
System memory in use before: 85.0 MB.
System memory in use after: 85.2 MB.

Unloading 7 unused Assets to reduce memory usage. Loaded Objects now: 2284.
Total: 2.345100 ms (FindLiveObjects: 0.133300 ms CreateObjectMapping: 0.032400 ms MarkObjects: 2.156300 ms  DeleteObjects: 0.021700 ms)

========================================================================
Received Import Request.
  Time since last request: 171.276041 seconds.
  path: Assets/Scripts/playermove.cs
  artifactKey: Guid(fc7abd7787655d84f9fb3ee7a0b56aeb) Importer(815301076,1909f56bfc062723c751e8b465ee728b)
Start importing Assets/Scripts/playermove.cs using Guid(fc7abd7787655d84f9fb3ee7a0b56aeb) Importer(815301076,1909f56bfc062723c751e8b465ee728b)  -> (artifact id: 'e1e2163047af268407129756a40c10ae') in 0.005983 seconds
  Import took 0.011114 seconds .

